[0.011s] Invoking command in '/home/ehayes/ros2_ws/build/my_cpp_pkg': CMAKE_PREFIX_PATH=${CMAKE_PREFIX_PATH}:/home/ehayes/ros2_ws/install/my_py_pkg:/opt/ros/jazzy DEBUGINFOD_URLS=https://debuginfod.ubuntu.com /usr/bin/cmake /home/ehayes/ros2_ws/src/my_cpp_pkg -DCMAKE_INSTALL_PREFIX=/home/ehayes/ros2_ws/install/my_cpp_pkg
[0.059s] -- Found ament_cmake: 2.5.4 (/opt/ros/jazzy/share/ament_cmake/cmake)
[0.145s] -- Override CMake install command with custom implementation using symlinks instead of copying resources
[0.155s] -- Found rclcpp: 28.1.13 (/opt/ros/jazzy/share/rclcpp/cmake)
[0.195s] -- Found rosidl_generator_c: 4.6.6 (/opt/ros/jazzy/share/rosidl_generator_c/cmake)
[0.201s] -- Found rosidl_generator_cpp: 4.6.6 (/opt/ros/jazzy/share/rosidl_generator_cpp/cmake)
[0.214s] -- Using all available rosidl_typesupport_c: rosidl_typesupport_fastrtps_c;rosidl_typesupport_introspection_c
[0.226s] -- Using all available rosidl_typesupport_cpp: rosidl_typesupport_fastrtps_cpp;rosidl_typesupport_introspection_cpp
[0.266s] -- Found rmw_implementation_cmake: 7.3.2 (/opt/ros/jazzy/share/rmw_implementation_cmake/cmake)
[0.267s] -- Found rmw_fastrtps_cpp: 8.4.3 (/opt/ros/jazzy/share/rmw_fastrtps_cpp/cmake)
[0.309s] -- Using RMW implementation 'rmw_fastrtps_cpp' as default
[0.393s] -- Configuring done (0.3s)
[0.402s] -- Generating done (0.0s)
[0.405s] -- Build files have been written to: /home/ehayes/ros2_ws/build/my_cpp_pkg
[0.417s] Invoked command in '/home/ehayes/ros2_ws/build/my_cpp_pkg' returned '0': CMAKE_PREFIX_PATH=${CMAKE_PREFIX_PATH}:/home/ehayes/ros2_ws/install/my_py_pkg:/opt/ros/jazzy DEBUGINFOD_URLS=https://debuginfod.ubuntu.com /usr/bin/cmake /home/ehayes/ros2_ws/src/my_cpp_pkg -DCMAKE_INSTALL_PREFIX=/home/ehayes/ros2_ws/install/my_cpp_pkg
[0.417s] Invoking command in '/home/ehayes/ros2_ws/build/my_cpp_pkg': CMAKE_PREFIX_PATH=${CMAKE_PREFIX_PATH}:/home/ehayes/ros2_ws/install/my_py_pkg:/opt/ros/jazzy DEBUGINFOD_URLS=https://debuginfod.ubuntu.com /usr/bin/cmake --build /home/ehayes/ros2_ws/build/my_cpp_pkg -- -j2 -l2
[0.440s] [ 50%] [32mBuilding CXX object CMakeFiles/cpp_node.dir/src/my_first_node.cpp.o[0m
[1.537s] [100%] [32m[1mLinking CXX executable cpp_node[0m
[1.612s] [100%] Built target cpp_node
[1.615s] Invoked command in '/home/ehayes/ros2_ws/build/my_cpp_pkg' returned '0': CMAKE_PREFIX_PATH=${CMAKE_PREFIX_PATH}:/home/ehayes/ros2_ws/install/my_py_pkg:/opt/ros/jazzy DEBUGINFOD_URLS=https://debuginfod.ubuntu.com /usr/bin/cmake --build /home/ehayes/ros2_ws/build/my_cpp_pkg -- -j2 -l2
[1.620s] Invoking command in '/home/ehayes/ros2_ws/build/my_cpp_pkg': CMAKE_PREFIX_PATH=${CMAKE_PREFIX_PATH}:/home/ehayes/ros2_ws/install/my_py_pkg:/opt/ros/jazzy DEBUGINFOD_URLS=https://debuginfod.ubuntu.com /usr/bin/cmake --install /home/ehayes/ros2_ws/build/my_cpp_pkg
[1.624s] -- Install configuration: ""
[1.624s] -- Execute custom install script
[1.625s] -- Up-to-date symlink: /home/ehayes/ros2_ws/install/my_cpp_pkg/lib/my_cpp_pkg/cpp_node
[1.625s] -- Up-to-date symlink: /home/ehayes/ros2_ws/install/my_cpp_pkg/share/ament_index/resource_index/package_run_dependencies/my_cpp_pkg
[1.625s] -- Up-to-date symlink: /home/ehayes/ros2_ws/install/my_cpp_pkg/share/ament_index/resource_index/parent_prefix_path/my_cpp_pkg
[1.625s] -- Up-to-date symlink: /home/ehayes/ros2_ws/install/my_cpp_pkg/share/my_cpp_pkg/environment/ament_prefix_path.sh
[1.625s] -- Up-to-date symlink: /home/ehayes/ros2_ws/install/my_cpp_pkg/share/my_cpp_pkg/environment/ament_prefix_path.dsv
[1.625s] -- Up-to-date symlink: /home/ehayes/ros2_ws/install/my_cpp_pkg/share/my_cpp_pkg/environment/path.sh
[1.625s] -- Up-to-date symlink: /home/ehayes/ros2_ws/install/my_cpp_pkg/share/my_cpp_pkg/environment/path.dsv
[1.626s] -- Up-to-date symlink: /home/ehayes/ros2_ws/install/my_cpp_pkg/share/my_cpp_pkg/local_setup.bash
[1.626s] -- Up-to-date symlink: /home/ehayes/ros2_ws/install/my_cpp_pkg/share/my_cpp_pkg/local_setup.sh
[1.626s] -- Up-to-date symlink: /home/ehayes/ros2_ws/install/my_cpp_pkg/share/my_cpp_pkg/local_setup.zsh
[1.626s] -- Up-to-date symlink: /home/ehayes/ros2_ws/install/my_cpp_pkg/share/my_cpp_pkg/local_setup.dsv
[1.626s] -- Symlinking: /home/ehayes/ros2_ws/install/my_cpp_pkg/share/my_cpp_pkg/package.dsv
[1.628s] -- Up-to-date symlink: /home/ehayes/ros2_ws/install/my_cpp_pkg/share/ament_index/resource_index/packages/my_cpp_pkg
[1.629s] -- Up-to-date symlink: /home/ehayes/ros2_ws/install/my_cpp_pkg/share/my_cpp_pkg/cmake/my_cpp_pkgConfig.cmake
[1.629s] -- Up-to-date symlink: /home/ehayes/ros2_ws/install/my_cpp_pkg/share/my_cpp_pkg/cmake/my_cpp_pkgConfig-version.cmake
[1.629s] -- Up-to-date symlink: /home/ehayes/ros2_ws/install/my_cpp_pkg/share/my_cpp_pkg/package.xml
[1.629s] Invoked command in '/home/ehayes/ros2_ws/build/my_cpp_pkg' returned '0': CMAKE_PREFIX_PATH=${CMAKE_PREFIX_PATH}:/home/ehayes/ros2_ws/install/my_py_pkg:/opt/ros/jazzy DEBUGINFOD_URLS=https://debuginfod.ubuntu.com /usr/bin/cmake --install /home/ehayes/ros2_ws/build/my_cpp_pkg
