[0.003s] Invoking command in '/home/ehayes/ros2_ws/build/my_cpp_pkg': CMAKE_PREFIX_PATH=${CMAKE_PREFIX_PATH}:/opt/ros/jazzy DEBUGINFOD_URLS=https://debuginfod.ubuntu.com /usr/bin/cmake /home/ehayes/ros2_ws/src/my_cpp_pkg -DCMAKE_INSTALL_PREFIX=/home/ehayes/ros2_ws/install/my_cpp_pkg
[0.151s] -- The C compiler identification is GNU 13.3.0
[0.234s] -- The CXX compiler identification is GNU 13.3.0
[0.247s] -- Detecting C compiler ABI info
[0.283s] -- Detecting C compiler ABI info - done
[0.287s] -- Check for working C compiler: /usr/bin/cc - skipped
[0.287s] -- Detecting C compile features
[0.287s] -- Detecting C compile features - done
[0.290s] -- Detecting CXX compiler ABI info
[0.322s] -- Detecting CXX compiler ABI info - done
[0.326s] -- Check for working CXX compiler: /usr/bin/c++ - skipped
[0.326s] -- Detecting CXX compile features
[0.326s] -- Detecting CXX compile features - done
[0.328s] -- Found ament_cmake: 2.5.4 (/opt/ros/jazzy/share/ament_cmake/cmake)
[0.377s] -- Found Python3: /usr/bin/python3 (found version "3.12.3") found components: Interpreter 
[0.425s] -- Found rclcpp: 28.1.13 (/opt/ros/jazzy/share/rclcpp/cmake)
[0.447s] -- Found rosidl_generator_c: 4.6.6 (/opt/ros/jazzy/share/rosidl_generator_c/cmake)
[0.454s] -- Found rosidl_generator_cpp: 4.6.6 (/opt/ros/jazzy/share/rosidl_generator_cpp/cmake)
[0.464s] -- Using all available rosidl_typesupport_c: rosidl_typesupport_fastrtps_c;rosidl_typesupport_introspection_c
[0.473s] -- Using all available rosidl_typesupport_cpp: rosidl_typesupport_fastrtps_cpp;rosidl_typesupport_introspection_cpp
[0.513s] -- Found rmw_implementation_cmake: 7.3.2 (/opt/ros/jazzy/share/rmw_implementation_cmake/cmake)
[0.515s] -- Found rmw_fastrtps_cpp: 8.4.3 (/opt/ros/jazzy/share/rmw_fastrtps_cpp/cmake)
[0.545s] -- Found OpenSSL: /usr/lib/aarch64-linux-gnu/libcrypto.so (found version "3.0.13")  
[0.553s] -- Found FastRTPS: /opt/ros/jazzy/include (Required is at least version "2.13") 
[0.560s] -- Using RMW implementation 'rmw_fastrtps_cpp' as default
[0.596s] -- Found ament_lint_auto: 0.17.3 (/opt/ros/jazzy/share/ament_lint_auto/cmake)
[0.636s] -- Added test 'lint_cmake' to check CMake code style
[0.637s] -- Added test 'xmllint' to check XML markup files
[0.637s] -- Configuring done (0.6s)
[0.639s] -- Generating done (0.0s)
[0.640s] -- Build files have been written to: /home/ehayes/ros2_ws/build/my_cpp_pkg
[0.643s] Invoked command in '/home/ehayes/ros2_ws/build/my_cpp_pkg' returned '0': CMAKE_PREFIX_PATH=${CMAKE_PREFIX_PATH}:/opt/ros/jazzy DEBUGINFOD_URLS=https://debuginfod.ubuntu.com /usr/bin/cmake /home/ehayes/ros2_ws/src/my_cpp_pkg -DCMAKE_INSTALL_PREFIX=/home/ehayes/ros2_ws/install/my_cpp_pkg
[0.643s] Invoking command in '/home/ehayes/ros2_ws/build/my_cpp_pkg': CMAKE_PREFIX_PATH=${CMAKE_PREFIX_PATH}:/opt/ros/jazzy DEBUGINFOD_URLS=https://debuginfod.ubuntu.com /usr/bin/cmake --build /home/ehayes/ros2_ws/build/my_cpp_pkg -- -j2 -l2
[0.655s] Invoked command in '/home/ehayes/ros2_ws/build/my_cpp_pkg' returned '0': CMAKE_PREFIX_PATH=${CMAKE_PREFIX_PATH}:/opt/ros/jazzy DEBUGINFOD_URLS=https://debuginfod.ubuntu.com /usr/bin/cmake --build /home/ehayes/ros2_ws/build/my_cpp_pkg -- -j2 -l2
[0.658s] Invoking command in '/home/ehayes/ros2_ws/build/my_cpp_pkg': CMAKE_PREFIX_PATH=${CMAKE_PREFIX_PATH}:/opt/ros/jazzy DEBUGINFOD_URLS=https://debuginfod.ubuntu.com /usr/bin/cmake --install /home/ehayes/ros2_ws/build/my_cpp_pkg
[0.660s] -- Install configuration: ""
[0.660s] -- Installing: /home/ehayes/ros2_ws/install/my_cpp_pkg/share/ament_index/resource_index/package_run_dependencies/my_cpp_pkg
[0.660s] -- Installing: /home/ehayes/ros2_ws/install/my_cpp_pkg/share/ament_index/resource_index/parent_prefix_path/my_cpp_pkg
[0.660s] -- Installing: /home/ehayes/ros2_ws/install/my_cpp_pkg/share/my_cpp_pkg/environment/ament_prefix_path.sh
[0.660s] -- Installing: /home/ehayes/ros2_ws/install/my_cpp_pkg/share/my_cpp_pkg/environment/ament_prefix_path.dsv
[0.660s] -- Installing: /home/ehayes/ros2_ws/install/my_cpp_pkg/share/my_cpp_pkg/environment/path.sh
[0.660s] -- Installing: /home/ehayes/ros2_ws/install/my_cpp_pkg/share/my_cpp_pkg/environment/path.dsv
[0.660s] -- Installing: /home/ehayes/ros2_ws/install/my_cpp_pkg/share/my_cpp_pkg/local_setup.bash
[0.660s] -- Installing: /home/ehayes/ros2_ws/install/my_cpp_pkg/share/my_cpp_pkg/local_setup.sh
[0.660s] -- Installing: /home/ehayes/ros2_ws/install/my_cpp_pkg/share/my_cpp_pkg/local_setup.zsh
[0.660s] -- Installing: /home/ehayes/ros2_ws/install/my_cpp_pkg/share/my_cpp_pkg/local_setup.dsv
[0.660s] -- Installing: /home/ehayes/ros2_ws/install/my_cpp_pkg/share/my_cpp_pkg/package.dsv
[0.660s] -- Installing: /home/ehayes/ros2_ws/install/my_cpp_pkg/share/ament_index/resource_index/packages/my_cpp_pkg
[0.660s] -- Installing: /home/ehayes/ros2_ws/install/my_cpp_pkg/share/my_cpp_pkg/cmake/my_cpp_pkgConfig.cmake
[0.660s] -- Installing: /home/ehayes/ros2_ws/install/my_cpp_pkg/share/my_cpp_pkg/cmake/my_cpp_pkgConfig-version.cmake
[0.660s] -- Installing: /home/ehayes/ros2_ws/install/my_cpp_pkg/share/my_cpp_pkg/package.xml
[0.661s] Invoked command in '/home/ehayes/ros2_ws/build/my_cpp_pkg' returned '0': CMAKE_PREFIX_PATH=${CMAKE_PREFIX_PATH}:/opt/ros/jazzy DEBUGINFOD_URLS=https://debuginfod.ubuntu.com /usr/bin/cmake --install /home/ehayes/ros2_ws/build/my_cpp_pkg
